The system is: Linux - 5.4.0-144-generic - x86_64
Compiling the C compiler identification source file "CMakeCCompilerId.c" succeeded.
Compiler: /home/book/100ask_imx6ull-sdk/ToolChain/gcc-linaro-6.2.1-2016.11-x86_64_arm-linux-gnueabihf/bin/arm-linux-gnueabihf-gcc 
Build flags: 
Id flags:  

The output was:
0


Compilation of the C compiler identification source "CMakeCCompilerId.c" produced "a.out"

The C compiler identification is GNU, found in "/home/book/c_lion_remote/cmake-build-debug-remote-host/CMakeFiles/3.24.0/CompilerIdC/a.out"

Detecting C compiler ABI info compiled with the following output:
Change Dir: /home/book/c_lion_remote/cmake-build-debug-remote-host/CMakeFiles/CMakeTmp

Run Build Command(s):/usr/bin/make -f Makefile cmTC_ff71d/fast && /usr/bin/make  -f CMakeFiles/cmTC_ff71d.dir/build.make CMakeFiles/cmTC_ff71d.dir/build
make[1]: Entering directory '/home/book/c_lion_remote/cmake-build-debug-remote-host/CMakeFiles/CMakeTmp'
Building C object CMakeFiles/cmTC_ff71d.dir/CMakeCCompilerABI.c.o
/home/book/100ask_imx6ull-sdk/ToolChain/gcc-linaro-6.2.1-2016.11-x86_64_arm-linux-gnueabihf/bin/arm-linux-gnueabihf-gcc   -fdiagnostics-color=always   -v -o CMakeFiles/cmTC_ff71d.dir/CMakeCCompilerABI.c.o -c /home/book/apps/cmake-3.24.0-linux-x86_64/share/cmake-3.24/Modules/CMakeCCompilerABI.c
Using built-in specs.
COLLECT_GCC=/home/book/100ask_imx6ull-sdk/ToolChain/gcc-linaro-6.2.1-2016.11-x86_64_arm-linux-gnueabihf/bin/arm-linux-gnueabihf-gcc
Target: arm-linux-gnueabihf
Configured with: /home/tcwg-buildslave/workspace/tcwg-make-release/label/docker-trusty-amd64-tcwg-build/target/arm-linux-gnueabihf/snapshots/gcc-linaro-6.2-2016.11/configure SHELL=/bin/bash --with-mpc=/home/tcwg-buildslave/workspace/tcwg-make-release/label/docker-trusty-amd64-tcwg-build/target/arm-linux-gnueabihf/_build/builds/destdir/x86_64-unknown-linux-gnu --with-mpfr=/home/tcwg-buildslave/workspace/tcwg-make-release/label/docker-trusty-amd64-tcwg-build/target/arm-linux-gnueabihf/_build/builds/destdir/x86_64-unknown-linux-gnu --with-gmp=/home/tcwg-buildslave/workspace/tcwg-make-release/label/docker-trusty-amd64-tcwg-build/target/arm-linux-gnueabihf/_build/builds/destdir/x86_64-unknown-linux-gnu --with-gnu-as --with-gnu-ld --disable-libstdcxx-pch --disable-libmudflap --with-cloog=no --with-ppl=no --with-isl=no --disable-nls --enable-c99 --enable-gnu-indirect-function --disable-multilib --with-tune=cortex-a9 --with-arch=armv7-a --with-fpu=vfpv3-d16 --with-float=hard --with-mode=thumb --enable-multiarch --with-build-sysroot=/home/tcwg-buildslave/workspace/tcwg-make-release/label/docker-trusty-amd64-tcwg-build/target/arm-linux-gnueabihf/_build/sysroots/arm-linux-gnueabihf --enable-lto --enable-linker-build-id --enable-long-long --enable-shared --with-sysroot=/home/tcwg-buildslave/workspace/tcwg-make-release/label/docker-trusty-amd64-tcwg-build/target/arm-linux-gnueabihf/_build/builds/destdir/x86_64-unknown-linux-gnu/arm-linux-gnueabihf/libc --enable-languages=c,c++,fortran,lto --enable-checking=release --disable-bootstrap --build=x86_64-unknown-linux-gnu --host=x86_64-unknown-linux-gnu --target=arm-linux-gnueabihf --prefix=/home/tcwg-buildslave/workspace/tcwg-make-release/label/docker-trusty-amd64-tcwg-build/target/arm-linux-gnueabihf/_build/builds/destdir/x86_64-unknown-linux-gnu
Thread model: posix
gcc version 6.2.1 20161016 (Linaro GCC 6.2-2016.11) 
COLLECT_GCC_OPTIONS='-fdiagnostics-color=always' '-v' '-o' 'CMakeFiles/cmTC_ff71d.dir/CMakeCCompilerABI.c.o' '-c' '-march=armv7-a' '-mtune=cortex-a9' '-mfloat-abi=hard' '-mfpu=vfpv3-d16' '-mthumb' '-mtls-dialect=gnu'
 /home/book/100ask_imx6ull-sdk/ToolChain/gcc-linaro-6.2.1-2016.11-x86_64_arm-linux-gnueabihf/bin/../libexec/gcc/arm-linux-gnueabihf/6.2.1/cc1 -quiet -v -imultilib . -imultiarch arm-linux-gnueabihf -iprefix /home/book/100ask_imx6ull-sdk/ToolChain/gcc-linaro-6.2.1-2016.11-x86_64_arm-linux-gnueabihf/bin/../lib/gcc/arm-linux-gnueabihf/6.2.1/ -isysroot /home/book/100ask_imx6ull-sdk/ToolChain/gcc-linaro-6.2.1-2016.11-x86_64_arm-linux-gnueabihf/bin/../arm-linux-gnueabihf/libc /home/book/apps/cmake-3.24.0-linux-x86_64/share/cmake-3.24/Modules/CMakeCCompilerABI.c -quiet -dumpbase CMakeCCompilerABI.c -march=armv7-a -mtune=cortex-a9 -mfloat-abi=hard -mfpu=vfpv3-d16 -mthumb -mtls-dialect=gnu -auxbase-strip CMakeFiles/cmTC_ff71d.dir/CMakeCCompilerABI.c.o -version -fdiagnostics-color=always -o /tmp/cc0pOPFD.s
GNU C11 (Linaro GCC 6.2-2016.11) version 6.2.1 20161016 (arm-linux-gnueabihf)
	compiled by GNU C version 4.8.4, GMP version 6.1.0, MPFR version 3.1.4, MPC version 1.0.3, isl version none
GGC heuristics: --param ggc-min-expand=100 --param ggc-min-heapsize=131072
ignoring duplicate directory "/home/book/100ask_imx6ull-sdk/ToolChain/gcc-linaro-6.2.1-2016.11-x86_64_arm-linux-gnueabihf/bin/../lib/gcc/../../lib/gcc/arm-linux-gnueabihf/6.2.1/include"
ignoring nonexistent directory "/home/book/100ask_imx6ull-sdk/ToolChain/gcc-linaro-6.2.1-2016.11-x86_64_arm-linux-gnueabihf/bin/../arm-linux-gnueabihf/libc/usr/local/include/arm-linux-gnueabihf"
ignoring nonexistent directory "/home/book/100ask_imx6ull-sdk/ToolChain/gcc-linaro-6.2.1-2016.11-x86_64_arm-linux-gnueabihf/bin/../arm-linux-gnueabihf/libc/usr/local/include"
ignoring duplicate directory "/home/book/100ask_imx6ull-sdk/ToolChain/gcc-linaro-6.2.1-2016.11-x86_64_arm-linux-gnueabihf/bin/../lib/gcc/../../lib/gcc/arm-linux-gnueabihf/6.2.1/include-fixed"
ignoring duplicate directory "/home/book/100ask_imx6ull-sdk/ToolChain/gcc-linaro-6.2.1-2016.11-x86_64_arm-linux-gnueabihf/bin/../lib/gcc/../../lib/gcc/arm-linux-gnueabihf/6.2.1/../../../../arm-linux-gnueabihf/include"
ignoring nonexistent directory "/home/book/100ask_imx6ull-sdk/ToolChain/gcc-linaro-6.2.1-2016.11-x86_64_arm-linux-gnueabihf/bin/../arm-linux-gnueabihf/libc/usr/include/arm-linux-gnueabihf"
#include "..." search starts here:
#include <...> search starts here:
 /home/book/100ask_imx6ull-sdk/ToolChain/gcc-linaro-6.2.1-2016.11-x86_64_arm-linux-gnueabihf/bin/../lib/gcc/arm-linux-gnueabihf/6.2.1/include
 /home/book/100ask_imx6ull-sdk/ToolChain/gcc-linaro-6.2.1-2016.11-x86_64_arm-linux-gnueabihf/bin/../lib/gcc/arm-linux-gnueabihf/6.2.1/include-fixed
 /home/book/100ask_imx6ull-sdk/ToolChain/gcc-linaro-6.2.1-2016.11-x86_64_arm-linux-gnueabihf/bin/../lib/gcc/arm-linux-gnueabihf/6.2.1/../../../../arm-linux-gnueabihf/include
 /home/book/100ask_imx6ull-sdk/ToolChain/gcc-linaro-6.2.1-2016.11-x86_64_arm-linux-gnueabihf/bin/../arm-linux-gnueabihf/libc/usr/include
End of search list.
GNU C11 (Linaro GCC 6.2-2016.11) version 6.2.1 20161016 (arm-linux-gnueabihf)
	compiled by GNU C version 4.8.4, GMP version 6.1.0, MPFR version 3.1.4, MPC version 1.0.3, isl version none
GGC heuristics: --param ggc-min-expand=100 --param ggc-min-heapsize=131072
Compiler executable checksum: 3716125e9cf06213d6fc4c676b78a52b
COLLECT_GCC_OPTIONS='-fdiagnostics-color=always' '-v' '-o' 'CMakeFiles/cmTC_ff71d.dir/CMakeCCompilerABI.c.o' '-c' '-march=armv7-a' '-mtune=cortex-a9' '-mfloat-abi=hard' '-mfpu=vfpv3-d16' '-mthumb' '-mtls-dialect=gnu'
 /home/book/100ask_imx6ull-sdk/ToolChain/gcc-linaro-6.2.1-2016.11-x86_64_arm-linux-gnueabihf/bin/../lib/gcc/arm-linux-gnueabihf/6.2.1/../../../../arm-linux-gnueabihf/bin/as -v -march=armv7-a -mfloat-abi=hard -mfpu=vfpv3-d16 -meabi=5 -o CMakeFiles/cmTC_ff71d.dir/CMakeCCompilerABI.c.o /tmp/cc0pOPFD.s
GNU assembler version 2.27.0 (arm-linux-gnueabihf) using BFD version (Linaro_Binutils-2016.11) 2.27.0.20161019
COMPILER_PATH=/home/book/100ask_imx6ull-sdk/ToolChain/gcc-linaro-6.2.1-2016.11-x86_64_arm-linux-gnueabihf/bin/../libexec/gcc/arm-linux-gnueabihf/6.2.1/:/home/book/100ask_imx6ull-sdk/ToolChain/gcc-linaro-6.2.1-2016.11-x86_64_arm-linux-gnueabihf/bin/../libexec/gcc/arm-linux-gnueabihf/:/home/book/100ask_imx6ull-sdk/ToolChain/gcc-linaro-6.2.1-2016.11-x86_64_arm-linux-gnueabihf/bin/../libexec/gcc/:/home/book/100ask_imx6ull-sdk/ToolChain/gcc-linaro-6.2.1-2016.11-x86_64_arm-linux-gnueabihf/bin/../lib/gcc/arm-linux-gnueabihf/6.2.1/../../../../arm-linux-gnueabihf/bin/
LIBRARY_PATH=/home/book/100ask_imx6ull-sdk/ToolChain/gcc-linaro-6.2.1-2016.11-x86_64_arm-linux-gnueabihf/bin/../lib/gcc/arm-linux-gnueabihf/6.2.1/:/home/book/100ask_imx6ull-sdk/ToolChain/gcc-linaro-6.2.1-2016.11-x86_64_arm-linux-gnueabihf/bin/../lib/gcc/arm-linux-gnueabihf/:/home/book/100ask_imx6ull-sdk/ToolChain/gcc-linaro-6.2.1-2016.11-x86_64_arm-linux-gnueabihf/bin/../lib/gcc/:/home/book/100ask_imx6ull-sdk/ToolChain/gcc-linaro-6.2.1-2016.11-x86_64_arm-linux-gnueabihf/bin/../lib/gcc/arm-linux-gnueabihf/6.2.1/../../../../arm-linux-gnueabihf/lib/:/home/book/100ask_imx6ull-sdk/ToolChain/gcc-linaro-6.2.1-2016.11-x86_64_arm-linux-gnueabihf/bin/../arm-linux-gnueabihf/libc/lib/:/home/book/100ask_imx6ull-sdk/ToolChain/gcc-linaro-6.2.1-2016.11-x86_64_arm-linux-gnueabihf/bin/../arm-linux-gnueabihf/libc/usr/lib/
COLLECT_GCC_OPTIONS='-fdiagnostics-color=always' '-v' '-o' 'CMakeFiles/cmTC_ff71d.dir/CMakeCCompilerABI.c.o' '-c' '-march=armv7-a' '-mtune=cortex-a9' '-mfloat-abi=hard' '-mfpu=vfpv3-d16' '-mthumb' '-mtls-dialect=gnu'
Linking C executable cmTC_ff71d
/home/book/apps/cmake-3.24.0-linux-x86_64/bin/cmake -E cmake_link_script CMakeFiles/cmTC_ff71d.dir/link.txt --verbose=1
/home/book/100ask_imx6ull-sdk/ToolChain/gcc-linaro-6.2.1-2016.11-x86_64_arm-linux-gnueabihf/bin/arm-linux-gnueabihf-gcc  -v CMakeFiles/cmTC_ff71d.dir/CMakeCCompilerABI.c.o -o cmTC_ff71d 
Using built-in specs.
COLLECT_GCC=/home/book/100ask_imx6ull-sdk/ToolChain/gcc-linaro-6.2.1-2016.11-x86_64_arm-linux-gnueabihf/bin/arm-linux-gnueabihf-gcc
COLLECT_LTO_WRAPPER=/home/book/100ask_imx6ull-sdk/ToolChain/gcc-linaro-6.2.1-2016.11-x86_64_arm-linux-gnueabihf/bin/../libexec/gcc/arm-linux-gnueabihf/6.2.1/lto-wrapper
Target: arm-linux-gnueabihf
Configured with: /home/tcwg-buildslave/workspace/tcwg-make-release/label/docker-trusty-amd64-tcwg-build/target/arm-linux-gnueabihf/snapshots/gcc-linaro-6.2-2016.11/configure SHELL=/bin/bash --with-mpc=/home/tcwg-buildslave/workspace/tcwg-make-release/label/docker-trusty-amd64-tcwg-build/target/arm-linux-gnueabihf/_build/builds/destdir/x86_64-unknown-linux-gnu --with-mpfr=/home/tcwg-buildslave/workspace/tcwg-make-release/label/docker-trusty-amd64-tcwg-build/target/arm-linux-gnueabihf/_build/builds/destdir/x86_64-unknown-linux-gnu --with-gmp=/home/tcwg-buildslave/workspace/tcwg-make-release/label/docker-trusty-amd64-tcwg-build/target/arm-linux-gnueabihf/_build/builds/destdir/x86_64-unknown-linux-gnu --with-gnu-as --with-gnu-ld --disable-libstdcxx-pch --disable-libmudflap --with-cloog=no --with-ppl=no --with-isl=no --disable-nls --enable-c99 --enable-gnu-indirect-function --disable-multilib --with-tune=cortex-a9 --with-arch=armv7-a --with-fpu=vfpv3-d16 --with-float=hard --with-mode=thumb --enable-multiarch --with-build-sysroot=/home/tcwg-buildslave/workspace/tcwg-make-release/label/docker-trusty-amd64-tcwg-build/target/arm-linux-gnueabihf/_build/sysroots/arm-linux-gnueabihf --enable-lto --enable-linker-build-id --enable-long-long --enable-shared --with-sysroot=/home/tcwg-buildslave/workspace/tcwg-make-release/label/docker-trusty-amd64-tcwg-build/target/arm-linux-gnueabihf/_build/builds/destdir/x86_64-unknown-linux-gnu/arm-linux-gnueabihf/libc --enable-languages=c,c++,fortran,lto --enable-checking=release --disable-bootstrap --build=x86_64-unknown-linux-gnu --host=x86_64-unknown-linux-gnu --target=arm-linux-gnueabihf --prefix=/home/tcwg-buildslave/workspace/tcwg-make-release/label/docker-trusty-amd64-tcwg-build/target/arm-linux-gnueabihf/_build/builds/destdir/x86_64-unknown-linux-gnu
Thread model: posix
gcc version 6.2.1 20161016 (Linaro GCC 6.2-2016.11) 
COMPILER_PATH=/home/book/100ask_imx6ull-sdk/ToolChain/gcc-linaro-6.2.1-2016.11-x86_64_arm-linux-gnueabihf/bin/../libexec/gcc/arm-linux-gnueabihf/6.2.1/:/home/book/100ask_imx6ull-sdk/ToolChain/gcc-linaro-6.2.1-2016.11-x86_64_arm-linux-gnueabihf/bin/../libexec/gcc/arm-linux-gnueabihf/:/home/book/100ask_imx6ull-sdk/ToolChain/gcc-linaro-6.2.1-2016.11-x86_64_arm-linux-gnueabihf/bin/../libexec/gcc/:/home/book/100ask_imx6ull-sdk/ToolChain/gcc-linaro-6.2.1-2016.11-x86_64_arm-linux-gnueabihf/bin/../lib/gcc/arm-linux-gnueabihf/6.2.1/../../../../arm-linux-gnueabihf/bin/
LIBRARY_PATH=/home/book/100ask_imx6ull-sdk/ToolChain/gcc-linaro-6.2.1-2016.11-x86_64_arm-linux-gnueabihf/bin/../lib/gcc/arm-linux-gnueabihf/6.2.1/:/home/book/100ask_imx6ull-sdk/ToolChain/gcc-linaro-6.2.1-2016.11-x86_64_arm-linux-gnueabihf/bin/../lib/gcc/arm-linux-gnueabihf/:/home/book/100ask_imx6ull-sdk/ToolChain/gcc-linaro-6.2.1-2016.11-x86_64_arm-linux-gnueabihf/bin/../lib/gcc/:/home/book/100ask_imx6ull-sdk/ToolChain/gcc-linaro-6.2.1-2016.11-x86_64_arm-linux-gnueabihf/bin/../lib/gcc/arm-linux-gnueabihf/6.2.1/../../../../arm-linux-gnueabihf/lib/:/home/book/100ask_imx6ull-sdk/ToolChain/gcc-linaro-6.2.1-2016.11-x86_64_arm-linux-gnueabihf/bin/../arm-linux-gnueabihf/libc/lib/:/home/book/100ask_imx6ull-sdk/ToolChain/gcc-linaro-6.2.1-2016.11-x86_64_arm-linux-gnueabihf/bin/../arm-linux-gnueabihf/libc/usr/lib/
COLLECT_GCC_OPTIONS='-v' '-o' 'cmTC_ff71d' '-march=armv7-a' '-mtune=cortex-a9' '-mfloat-abi=hard' '-mfpu=vfpv3-d16' '-mthumb' '-mtls-dialect=gnu'
 /home/book/100ask_imx6ull-sdk/ToolChain/gcc-linaro-6.2.1-2016.11-x86_64_arm-linux-gnueabihf/bin/../libexec/gcc/arm-linux-gnueabihf/6.2.1/collect2 -plugin /home/book/100ask_imx6ull-sdk/ToolChain/gcc-linaro-6.2.1-2016.11-x86_64_arm-linux-gnueabihf/bin/../libexec/gcc/arm-linux-gnueabihf/6.2.1/liblto_plugin.so -plugin-opt=/home/book/100ask_imx6ull-sdk/ToolChain/gcc-linaro-6.2.1-2016.11-x86_64_arm-linux-gnueabihf/bin/../libexec/gcc/arm-linux-gnueabihf/6.2.1/lto-wrapper -plugin-opt=-fresolution=/tmp/cc2Z7uhH.res -plugin-opt=-pass-through=-lgcc -plugin-opt=-pass-through=-lgcc_s -plugin-opt=-pass-through=-lc -plugin-opt=-pass-through=-lgcc -plugin-opt=-pass-through=-lgcc_s --sysroot=/home/book/100ask_imx6ull-sdk/ToolChain/gcc-linaro-6.2.1-2016.11-x86_64_arm-linux-gnueabihf/bin/../arm-linux-gnueabihf/libc --build-id --eh-frame-hdr -dynamic-linker /lib/ld-linux-armhf.so.3 -X -m armelf_linux_eabi -o cmTC_ff71d /home/book/100ask_imx6ull-sdk/ToolChain/gcc-linaro-6.2.1-2016.11-x86_64_arm-linux-gnueabihf/bin/../arm-linux-gnueabihf/libc/usr/lib/crt1.o /home/book/100ask_imx6ull-sdk/ToolChain/gcc-linaro-6.2.1-2016.11-x86_64_arm-linux-gnueabihf/bin/../arm-linux-gnueabihf/libc/usr/lib/crti.o /home/book/100ask_imx6ull-sdk/ToolChain/gcc-linaro-6.2.1-2016.11-x86_64_arm-linux-gnueabihf/bin/../lib/gcc/arm-linux-gnueabihf/6.2.1/crtbegin.o -L/home/book/100ask_imx6ull-sdk/ToolChain/gcc-linaro-6.2.1-2016.11-x86_64_arm-linux-gnueabihf/bin/../lib/gcc/arm-linux-gnueabihf/6.2.1 -L/home/book/100ask_imx6ull-sdk/ToolChain/gcc-linaro-6.2.1-2016.11-x86_64_arm-linux-gnueabihf/bin/../lib/gcc/arm-linux-gnueabihf -L/home/book/100ask_imx6ull-sdk/ToolChain/gcc-linaro-6.2.1-2016.11-x86_64_arm-linux-gnueabihf/bin/../lib/gcc -L/home/book/100ask_imx6ull-sdk/ToolChain/gcc-linaro-6.2.1-2016.11-x86_64_arm-linux-gnueabihf/bin/../lib/gcc/arm-linux-gnueabihf/6.2.1/../../../../arm-linux-gnueabihf/lib -L/home/book/100ask_imx6ull-sdk/ToolChain/gcc-linaro-6.2.1-2016.11-x86_64_arm-linux-gnueabihf/bin/../arm-linux-gnueabihf/libc/lib -L/home/book/100ask_imx6ull-sdk/ToolChain/gcc-linaro-6.2.1-2016.11-x86_64_arm-linux-gnueabihf/bin/../arm-linux-gnueabihf/libc/usr/lib CMakeFiles/cmTC_ff71d.dir/CMakeCCompilerABI.c.o -lgcc --as-needed -lgcc_s --no-as-needed -lc -lgcc --as-needed -lgcc_s --no-as-needed /home/book/100ask_imx6ull-sdk/ToolChain/gcc-linaro-6.2.1-2016.11-x86_64_arm-linux-gnueabihf/bin/../lib/gcc/arm-linux-gnueabihf/6.2.1/crtend.o /home/book/100ask_imx6ull-sdk/ToolChain/gcc-linaro-6.2.1-2016.11-x86_64_arm-linux-gnueabihf/bin/../arm-linux-gnueabihf/libc/usr/lib/crtn.o
COLLECT_GCC_OPTIONS='-v' '-o' 'cmTC_ff71d' '-march=armv7-a' '-mtune=cortex-a9' '-mfloat-abi=hard' '-mfpu=vfpv3-d16' '-mthumb' '-mtls-dialect=gnu'
make[1]: Leaving directory '/home/book/c_lion_remote/cmake-build-debug-remote-host/CMakeFiles/CMakeTmp'



Parsed C implicit include dir info from above output: rv=done
  found start of include info
  found start of implicit include info
    add: [/home/book/100ask_imx6ull-sdk/ToolChain/gcc-linaro-6.2.1-2016.11-x86_64_arm-linux-gnueabihf/bin/../lib/gcc/arm-linux-gnueabihf/6.2.1/include]
    add: [/home/book/100ask_imx6ull-sdk/ToolChain/gcc-linaro-6.2.1-2016.11-x86_64_arm-linux-gnueabihf/bin/../lib/gcc/arm-linux-gnueabihf/6.2.1/include-fixed]
    add: [/home/book/100ask_imx6ull-sdk/ToolChain/gcc-linaro-6.2.1-2016.11-x86_64_arm-linux-gnueabihf/bin/../lib/gcc/arm-linux-gnueabihf/6.2.1/../../../../arm-linux-gnueabihf/include]
    add: [/home/book/100ask_imx6ull-sdk/ToolChain/gcc-linaro-6.2.1-2016.11-x86_64_arm-linux-gnueabihf/bin/../arm-linux-gnueabihf/libc/usr/include]
  end of search list found
  collapse include dir [/home/book/100ask_imx6ull-sdk/ToolChain/gcc-linaro-6.2.1-2016.11-x86_64_arm-linux-gnueabihf/bin/../lib/gcc/arm-linux-gnueabihf/6.2.1/include] ==> [/home/book/100ask_imx6ull-sdk/ToolChain/gcc-linaro-6.2.1-2016.11-x86_64_arm-linux-gnueabihf/lib/gcc/arm-linux-gnueabihf/6.2.1/include]
  collapse include dir [/home/book/100ask_imx6ull-sdk/ToolChain/gcc-linaro-6.2.1-2016.11-x86_64_arm-linux-gnueabihf/bin/../lib/gcc/arm-linux-gnueabihf/6.2.1/include-fixed] ==> [/home/book/100ask_imx6ull-sdk/ToolChain/gcc-linaro-6.2.1-2016.11-x86_64_arm-linux-gnueabihf/lib/gcc/arm-linux-gnueabihf/6.2.1/include-fixed]
  collapse include dir [/home/book/100ask_imx6ull-sdk/ToolChain/gcc-linaro-6.2.1-2016.11-x86_64_arm-linux-gnueabihf/bin/../lib/gcc/arm-linux-gnueabihf/6.2.1/../../../../arm-linux-gnueabihf/include] ==> [/home/book/100ask_imx6ull-sdk/ToolChain/gcc-linaro-6.2.1-2016.11-x86_64_arm-linux-gnueabihf/arm-linux-gnueabihf/include]
  collapse include dir [/home/book/100ask_imx6ull-sdk/ToolChain/gcc-linaro-6.2.1-2016.11-x86_64_arm-linux-gnueabihf/bin/../arm-linux-gnueabihf/libc/usr/include] ==> [/home/book/100ask_imx6ull-sdk/ToolChain/gcc-linaro-6.2.1-2016.11-x86_64_arm-linux-gnueabihf/arm-linux-gnueabihf/libc/usr/include]
  implicit include dirs: [/home/book/100ask_imx6ull-sdk/ToolChain/gcc-linaro-6.2.1-2016.11-x86_64_arm-linux-gnueabihf/lib/gcc/arm-linux-gnueabihf/6.2.1/include;/home/book/100ask_imx6ull-sdk/ToolChain/gcc-linaro-6.2.1-2016.11-x86_64_arm-linux-gnueabihf/lib/gcc/arm-linux-gnueabihf/6.2.1/include-fixed;/home/book/100ask_imx6ull-sdk/ToolChain/gcc-linaro-6.2.1-2016.11-x86_64_arm-linux-gnueabihf/arm-linux-gnueabihf/include;/home/book/100ask_imx6ull-sdk/ToolChain/gcc-linaro-6.2.1-2016.11-x86_64_arm-linux-gnueabihf/arm-linux-gnueabihf/libc/usr/include]


Parsed C implicit link information from above output:
  link line regex: [^( *|.*[/\])(arm-linux-gnueabihf-ld|CMAKE_LINK_STARTFILE-NOTFOUND|([^/\]+-)?ld|collect2)[^/\]*( |$)]
  ignore line: [Change Dir: /home/book/c_lion_remote/cmake-build-debug-remote-host/CMakeFiles/CMakeTmp]
  ignore line: []
  ignore line: [Run Build Command(s):/usr/bin/make -f Makefile cmTC_ff71d/fast && /usr/bin/make  -f CMakeFiles/cmTC_ff71d.dir/build.make CMakeFiles/cmTC_ff71d.dir/build]
  ignore line: [make[1]: Entering directory '/home/book/c_lion_remote/cmake-build-debug-remote-host/CMakeFiles/CMakeTmp']
  ignore line: [Building C object CMakeFiles/cmTC_ff71d.dir/CMakeCCompilerABI.c.o]
  ignore line: [/home/book/100ask_imx6ull-sdk/ToolChain/gcc-linaro-6.2.1-2016.11-x86_64_arm-linux-gnueabihf/bin/arm-linux-gnueabihf-gcc   -fdiagnostics-color=always   -v -o CMakeFiles/cmTC_ff71d.dir/CMakeCCompilerABI.c.o -c /home/book/apps/cmake-3.24.0-linux-x86_64/share/cmake-3.24/Modules/CMakeCCompilerABI.c]
  ignore line: [Using built-in specs.]
  ignore line: [COLLECT_GCC=/home/book/100ask_imx6ull-sdk/ToolChain/gcc-linaro-6.2.1-2016.11-x86_64_arm-linux-gnueabihf/bin/arm-linux-gnueabihf-gcc]
  ignore line: [Target: arm-linux-gnueabihf]
  ignore line: [Configured with: /home/tcwg-buildslave/workspace/tcwg-make-release/label/docker-trusty-amd64-tcwg-build/target/arm-linux-gnueabihf/snapshots/gcc-linaro-6.2-2016.11/configure SHELL=/bin/bash --with-mpc=/home/tcwg-buildslave/workspace/tcwg-make-release/label/docker-trusty-amd64-tcwg-build/target/arm-linux-gnueabihf/_build/builds/destdir/x86_64-unknown-linux-gnu --with-mpfr=/home/tcwg-buildslave/workspace/tcwg-make-release/label/docker-trusty-amd64-tcwg-build/target/arm-linux-gnueabihf/_build/builds/destdir/x86_64-unknown-linux-gnu --with-gmp=/home/tcwg-buildslave/workspace/tcwg-make-release/label/docker-trusty-amd64-tcwg-build/target/arm-linux-gnueabihf/_build/builds/destdir/x86_64-unknown-linux-gnu --with-gnu-as --with-gnu-ld --disable-libstdcxx-pch --disable-libmudflap --with-cloog=no --with-ppl=no --with-isl=no --disable-nls --enable-c99 --enable-gnu-indirect-function --disable-multilib --with-tune=cortex-a9 --with-arch=armv7-a --with-fpu=vfpv3-d16 --with-float=hard --with-mode=thumb --enable-multiarch --with-build-sysroot=/home/tcwg-buildslave/workspace/tcwg-make-release/label/docker-trusty-amd64-tcwg-build/target/arm-linux-gnueabihf/_build/sysroots/arm-linux-gnueabihf --enable-lto --enable-linker-build-id --enable-long-long --enable-shared --with-sysroot=/home/tcwg-buildslave/workspace/tcwg-make-release/label/docker-trusty-amd64-tcwg-build/target/arm-linux-gnueabihf/_build/builds/destdir/x86_64-unknown-linux-gnu/arm-linux-gnueabihf/libc --enable-languages=c,c++,fortran,lto --enable-checking=release --disable-bootstrap --build=x86_64-unknown-linux-gnu --host=x86_64-unknown-linux-gnu --target=arm-linux-gnueabihf --prefix=/home/tcwg-buildslave/workspace/tcwg-make-release/label/docker-trusty-amd64-tcwg-build/target/arm-linux-gnueabihf/_build/builds/destdir/x86_64-unknown-linux-gnu]
  ignore line: [Thread model: posix]
  ignore line: [gcc version 6.2.1 20161016 (Linaro GCC 6.2-2016.11) ]
  ignore line: [COLLECT_GCC_OPTIONS='-fdiagnostics-color=always' '-v' '-o' 'CMakeFiles/cmTC_ff71d.dir/CMakeCCompilerABI.c.o' '-c' '-march=armv7-a' '-mtune=cortex-a9' '-mfloat-abi=hard' '-mfpu=vfpv3-d16' '-mthumb' '-mtls-dialect=gnu']
  ignore line: [ /home/book/100ask_imx6ull-sdk/ToolChain/gcc-linaro-6.2.1-2016.11-x86_64_arm-linux-gnueabihf/bin/../libexec/gcc/arm-linux-gnueabihf/6.2.1/cc1 -quiet -v -imultilib . -imultiarch arm-linux-gnueabihf -iprefix /home/book/100ask_imx6ull-sdk/ToolChain/gcc-linaro-6.2.1-2016.11-x86_64_arm-linux-gnueabihf/bin/../lib/gcc/arm-linux-gnueabihf/6.2.1/ -isysroot /home/book/100ask_imx6ull-sdk/ToolChain/gcc-linaro-6.2.1-2016.11-x86_64_arm-linux-gnueabihf/bin/../arm-linux-gnueabihf/libc /home/book/apps/cmake-3.24.0-linux-x86_64/share/cmake-3.24/Modules/CMakeCCompilerABI.c -quiet -dumpbase CMakeCCompilerABI.c -march=armv7-a -mtune=cortex-a9 -mfloat-abi=hard -mfpu=vfpv3-d16 -mthumb -mtls-dialect=gnu -auxbase-strip CMakeFiles/cmTC_ff71d.dir/CMakeCCompilerABI.c.o -version -fdiagnostics-color=always -o /tmp/cc0pOPFD.s]
  ignore line: [GNU C11 (Linaro GCC 6.2-2016.11) version 6.2.1 20161016 (arm-linux-gnueabihf)]
  ignore line: [	compiled by GNU C version 4.8.4  GMP version 6.1.0  MPFR version 3.1.4  MPC version 1.0.3  isl version none]
  ignore line: [GGC heuristics: --param ggc-min-expand=100 --param ggc-min-heapsize=131072]
  ignore line: [ignoring duplicate directory "/home/book/100ask_imx6ull-sdk/ToolChain/gcc-linaro-6.2.1-2016.11-x86_64_arm-linux-gnueabihf/bin/../lib/gcc/../../lib/gcc/arm-linux-gnueabihf/6.2.1/include"]
  ignore line: [ignoring nonexistent directory "/home/book/100ask_imx6ull-sdk/ToolChain/gcc-linaro-6.2.1-2016.11-x86_64_arm-linux-gnueabihf/bin/../arm-linux-gnueabihf/libc/usr/local/include/arm-linux-gnueabihf"]
  ignore line: [ignoring nonexistent directory "/home/book/100ask_imx6ull-sdk/ToolChain/gcc-linaro-6.2.1-2016.11-x86_64_arm-linux-gnueabihf/bin/../arm-linux-gnueabihf/libc/usr/local/include"]
  ignore line: [ignoring duplicate directory "/home/book/100ask_imx6ull-sdk/ToolChain/gcc-linaro-6.2.1-2016.11-x86_64_arm-linux-gnueabihf/bin/../lib/gcc/../../lib/gcc/arm-linux-gnueabihf/6.2.1/include-fixed"]
  ignore line: [ignoring duplicate directory "/home/book/100ask_imx6ull-sdk/ToolChain/gcc-linaro-6.2.1-2016.11-x86_64_arm-linux-gnueabihf/bin/../lib/gcc/../../lib/gcc/arm-linux-gnueabihf/6.2.1/../../../../arm-linux-gnueabihf/include"]
  ignore line: [ignoring nonexistent directory "/home/book/100ask_imx6ull-sdk/ToolChain/gcc-linaro-6.2.1-2016.11-x86_64_arm-linux-gnueabihf/bin/../arm-linux-gnueabihf/libc/usr/include/arm-linux-gnueabihf"]
  ignore line: [#include "..." search starts here:]
  ignore line: [#include <...> search starts here:]
  ignore line: [ /home/book/100ask_imx6ull-sdk/ToolChain/gcc-linaro-6.2.1-2016.11-x86_64_arm-linux-gnueabihf/bin/../lib/gcc/arm-linux-gnueabihf/6.2.1/include]
  ignore line: [ /home/book/100ask_imx6ull-sdk/ToolChain/gcc-linaro-6.2.1-2016.11-x86_64_arm-linux-gnueabihf/bin/../lib/gcc/arm-linux-gnueabihf/6.2.1/include-fixed]
  ignore line: [ /home/book/100ask_imx6ull-sdk/ToolChain/gcc-linaro-6.2.1-2016.11-x86_64_arm-linux-gnueabihf/bin/../lib/gcc/arm-linux-gnueabihf/6.2.1/../../../../arm-linux-gnueabihf/include]
  ignore line: [ /home/book/100ask_imx6ull-sdk/ToolChain/gcc-linaro-6.2.1-2016.11-x86_64_arm-linux-gnueabihf/bin/../arm-linux-gnueabihf/libc/usr/include]
  ignore line: [End of search list.]
  ignore line: [GNU C11 (Linaro GCC 6.2-2016.11) version 6.2.1 20161016 (arm-linux-gnueabihf)]
  ignore line: [	compiled by GNU C version 4.8.4  GMP version 6.1.0  MPFR version 3.1.4  MPC version 1.0.3  isl version none]
  ignore line: [GGC heuristics: --param ggc-min-expand=100 --param ggc-min-heapsize=131072]
  ignore line: [Compiler executable checksum: 3716125e9cf06213d6fc4c676b78a52b]
  ignore line: [COLLECT_GCC_OPTIONS='-fdiagnostics-color=always' '-v' '-o' 'CMakeFiles/cmTC_ff71d.dir/CMakeCCompilerABI.c.o' '-c' '-march=armv7-a' '-mtune=cortex-a9' '-mfloat-abi=hard' '-mfpu=vfpv3-d16' '-mthumb' '-mtls-dialect=gnu']
  ignore line: [ /home/book/100ask_imx6ull-sdk/ToolChain/gcc-linaro-6.2.1-2016.11-x86_64_arm-linux-gnueabihf/bin/../lib/gcc/arm-linux-gnueabihf/6.2.1/../../../../arm-linux-gnueabihf/bin/as -v -march=armv7-a -mfloat-abi=hard -mfpu=vfpv3-d16 -meabi=5 -o CMakeFiles/cmTC_ff71d.dir/CMakeCCompilerABI.c.o /tmp/cc0pOPFD.s]
  ignore line: [GNU assembler version 2.27.0 (arm-linux-gnueabihf) using BFD version (Linaro_Binutils-2016.11) 2.27.0.20161019]
  ignore line: [COMPILER_PATH=/home/book/100ask_imx6ull-sdk/ToolChain/gcc-linaro-6.2.1-2016.11-x86_64_arm-linux-gnueabihf/bin/../libexec/gcc/arm-linux-gnueabihf/6.2.1/:/home/book/100ask_imx6ull-sdk/ToolChain/gcc-linaro-6.2.1-2016.11-x86_64_arm-linux-gnueabihf/bin/../libexec/gcc/arm-linux-gnueabihf/:/home/book/100ask_imx6ull-sdk/ToolChain/gcc-linaro-6.2.1-2016.11-x86_64_arm-linux-gnueabihf/bin/../libexec/gcc/:/home/book/100ask_imx6ull-sdk/ToolChain/gcc-linaro-6.2.1-2016.11-x86_64_arm-linux-gnueabihf/bin/../lib/gcc/arm-linux-gnueabihf/6.2.1/../../../../arm-linux-gnueabihf/bin/]
  ignore line: [LIBRARY_PATH=/home/book/100ask_imx6ull-sdk/ToolChain/gcc-linaro-6.2.1-2016.11-x86_64_arm-linux-gnueabihf/bin/../lib/gcc/arm-linux-gnueabihf/6.2.1/:/home/book/100ask_imx6ull-sdk/ToolChain/gcc-linaro-6.2.1-2016.11-x86_64_arm-linux-gnueabihf/bin/../lib/gcc/arm-linux-gnueabihf/:/home/book/100ask_imx6ull-sdk/ToolChain/gcc-linaro-6.2.1-2016.11-x86_64_arm-linux-gnueabihf/bin/../lib/gcc/:/home/book/100ask_imx6ull-sdk/ToolChain/gcc-linaro-6.2.1-2016.11-x86_64_arm-linux-gnueabihf/bin/../lib/gcc/arm-linux-gnueabihf/6.2.1/../../../../arm-linux-gnueabihf/lib/:/home/book/100ask_imx6ull-sdk/ToolChain/gcc-linaro-6.2.1-2016.11-x86_64_arm-linux-gnueabihf/bin/../arm-linux-gnueabihf/libc/lib/:/home/book/100ask_imx6ull-sdk/ToolChain/gcc-linaro-6.2.1-2016.11-x86_64_arm-linux-gnueabihf/bin/../arm-linux-gnueabihf/libc/usr/lib/]
  ignore line: [COLLECT_GCC_OPTIONS='-fdiagnostics-color=always' '-v' '-o' 'CMakeFiles/cmTC_ff71d.dir/CMakeCCompilerABI.c.o' '-c' '-march=armv7-a' '-mtune=cortex-a9' '-mfloat-abi=hard' '-mfpu=vfpv3-d16' '-mthumb' '-mtls-dialect=gnu']
  ignore line: [Linking C executable cmTC_ff71d]
  ignore line: [/home/book/apps/cmake-3.24.0-linux-x86_64/bin/cmake -E cmake_link_script CMakeFiles/cmTC_ff71d.dir/link.txt --verbose=1]
  ignore line: [/home/book/100ask_imx6ull-sdk/ToolChain/gcc-linaro-6.2.1-2016.11-x86_64_arm-linux-gnueabihf/bin/arm-linux-gnueabihf-gcc  -v CMakeFiles/cmTC_ff71d.dir/CMakeCCompilerABI.c.o -o cmTC_ff71d ]
  ignore line: [Using built-in specs.]
  ignore line: [COLLECT_GCC=/home/book/100ask_imx6ull-sdk/ToolChain/gcc-linaro-6.2.1-2016.11-x86_64_arm-linux-gnueabihf/bin/arm-linux-gnueabihf-gcc]
  ignore line: [COLLECT_LTO_WRAPPER=/home/book/100ask_imx6ull-sdk/ToolChain/gcc-linaro-6.2.1-2016.11-x86_64_arm-linux-gnueabihf/bin/../libexec/gcc/arm-linux-gnueabihf/6.2.1/lto-wrapper]
  ignore line: [Target: arm-linux-gnueabihf]
  ignore line: [Configured with: /home/tcwg-buildslave/workspace/tcwg-make-release/label/docker-trusty-amd64-tcwg-build/target/arm-linux-gnueabihf/snapshots/gcc-linaro-6.2-2016.11/configure SHELL=/bin/bash --with-mpc=/home/tcwg-buildslave/workspace/tcwg-make-release/label/docker-trusty-amd64-tcwg-build/target/arm-linux-gnueabihf/_build/builds/destdir/x86_64-unknown-linux-gnu --with-mpfr=/home/tcwg-buildslave/workspace/tcwg-make-release/label/docker-trusty-amd64-tcwg-build/target/arm-linux-gnueabihf/_build/builds/destdir/x86_64-unknown-linux-gnu --with-gmp=/home/tcwg-buildslave/workspace/tcwg-make-release/label/docker-trusty-amd64-tcwg-build/target/arm-linux-gnueabihf/_build/builds/destdir/x86_64-unknown-linux-gnu --with-gnu-as --with-gnu-ld --disable-libstdcxx-pch --disable-libmudflap --with-cloog=no --with-ppl=no --with-isl=no --disable-nls --enable-c99 --enable-gnu-indirect-function --disable-multilib --with-tune=cortex-a9 --with-arch=armv7-a --with-fpu=vfpv3-d16 --with-float=hard --with-mode=thumb --enable-multiarch --with-build-sysroot=/home/tcwg-buildslave/workspace/tcwg-make-release/label/docker-trusty-amd64-tcwg-build/target/arm-linux-gnueabihf/_build/sysroots/arm-linux-gnueabihf --enable-lto --enable-linker-build-id --enable-long-long --enable-shared --with-sysroot=/home/tcwg-buildslave/workspace/tcwg-make-release/label/docker-trusty-amd64-tcwg-build/target/arm-linux-gnueabihf/_build/builds/destdir/x86_64-unknown-linux-gnu/arm-linux-gnueabihf/libc --enable-languages=c,c++,fortran,lto --enable-checking=release --disable-bootstrap --build=x86_64-unknown-linux-gnu --host=x86_64-unknown-linux-gnu --target=arm-linux-gnueabihf --prefix=/home/tcwg-buildslave/workspace/tcwg-make-release/label/docker-trusty-amd64-tcwg-build/target/arm-linux-gnueabihf/_build/builds/destdir/x86_64-unknown-linux-gnu]
  ignore line: [Thread model: posix]
  ignore line: [gcc version 6.2.1 20161016 (Linaro GCC 6.2-2016.11) ]
  ignore line: [COMPILER_PATH=/home/book/100ask_imx6ull-sdk/ToolChain/gcc-linaro-6.2.1-2016.11-x86_64_arm-linux-gnueabihf/bin/../libexec/gcc/arm-linux-gnueabihf/6.2.1/:/home/book/100ask_imx6ull-sdk/ToolChain/gcc-linaro-6.2.1-2016.11-x86_64_arm-linux-gnueabihf/bin/../libexec/gcc/arm-linux-gnueabihf/:/home/book/100ask_imx6ull-sdk/ToolChain/gcc-linaro-6.2.1-2016.11-x86_64_arm-linux-gnueabihf/bin/../libexec/gcc/:/home/book/100ask_imx6ull-sdk/ToolChain/gcc-linaro-6.2.1-2016.11-x86_64_arm-linux-gnueabihf/bin/../lib/gcc/arm-linux-gnueabihf/6.2.1/../../../../arm-linux-gnueabihf/bin/]
  ignore line: [LIBRARY_PATH=/home/book/100ask_imx6ull-sdk/ToolChain/gcc-linaro-6.2.1-2016.11-x86_64_arm-linux-gnueabihf/bin/../lib/gcc/arm-linux-gnueabihf/6.2.1/:/home/book/100ask_imx6ull-sdk/ToolChain/gcc-linaro-6.2.1-2016.11-x86_64_arm-linux-gnueabihf/bin/../lib/gcc/arm-linux-gnueabihf/:/home/book/100ask_imx6ull-sdk/ToolChain/gcc-linaro-6.2.1-2016.11-x86_64_arm-linux-gnueabihf/bin/../lib/gcc/:/home/book/100ask_imx6ull-sdk/ToolChain/gcc-linaro-6.2.1-2016.11-x86_64_arm-linux-gnueabihf/bin/../lib/gcc/arm-linux-gnueabihf/6.2.1/../../../../arm-linux-gnueabihf/lib/:/home/book/100ask_imx6ull-sdk/ToolChain/gcc-linaro-6.2.1-2016.11-x86_64_arm-linux-gnueabihf/bin/../arm-linux-gnueabihf/libc/lib/:/home/book/100ask_imx6ull-sdk/ToolChain/gcc-linaro-6.2.1-2016.11-x86_64_arm-linux-gnueabihf/bin/../arm-linux-gnueabihf/libc/usr/lib/]
  ignore line: [COLLECT_GCC_OPTIONS='-v' '-o' 'cmTC_ff71d' '-march=armv7-a' '-mtune=cortex-a9' '-mfloat-abi=hard' '-mfpu=vfpv3-d16' '-mthumb' '-mtls-dialect=gnu']
  link line: [ /home/book/100ask_imx6ull-sdk/ToolChain/gcc-linaro-6.2.1-2016.11-x86_64_arm-linux-gnueabihf/bin/../libexec/gcc/arm-linux-gnueabihf/6.2.1/collect2 -plugin /home/book/100ask_imx6ull-sdk/ToolChain/gcc-linaro-6.2.1-2016.11-x86_64_arm-linux-gnueabihf/bin/../libexec/gcc/arm-linux-gnueabihf/6.2.1/liblto_plugin.so -plugin-opt=/home/book/100ask_imx6ull-sdk/ToolChain/gcc-linaro-6.2.1-2016.11-x86_64_arm-linux-gnueabihf/bin/../libexec/gcc/arm-linux-gnueabihf/6.2.1/lto-wrapper -plugin-opt=-fresolution=/tmp/cc2Z7uhH.res -plugin-opt=-pass-through=-lgcc -plugin-opt=-pass-through=-lgcc_s -plugin-opt=-pass-through=-lc -plugin-opt=-pass-through=-lgcc -plugin-opt=-pass-through=-lgcc_s --sysroot=/home/book/100ask_imx6ull-sdk/ToolChain/gcc-linaro-6.2.1-2016.11-x86_64_arm-linux-gnueabihf/bin/../arm-linux-gnueabihf/libc --build-id --eh-frame-hdr -dynamic-linker /lib/ld-linux-armhf.so.3 -X -m armelf_linux_eabi -o cmTC_ff71d /home/book/100ask_imx6ull-sdk/ToolChain/gcc-linaro-6.2.1-2016.11-x86_64_arm-linux-gnueabihf/bin/../arm-linux-gnueabihf/libc/usr/lib/crt1.o /home/book/100ask_imx6ull-sdk/ToolChain/gcc-linaro-6.2.1-2016.11-x86_64_arm-linux-gnueabihf/bin/../arm-linux-gnueabihf/libc/usr/lib/crti.o /home/book/100ask_imx6ull-sdk/ToolChain/gcc-linaro-6.2.1-2016.11-x86_64_arm-linux-gnueabihf/bin/../lib/gcc/arm-linux-gnueabihf/6.2.1/crtbegin.o -L/home/book/100ask_imx6ull-sdk/ToolChain/gcc-linaro-6.2.1-2016.11-x86_64_arm-linux-gnueabihf/bin/../lib/gcc/arm-linux-gnueabihf/6.2.1 -L/home/book/100ask_imx6ull-sdk/ToolChain/gcc-linaro-6.2.1-2016.11-x86_64_arm-linux-gnueabihf/bin/../lib/gcc/arm-linux-gnueabihf -L/home/book/100ask_imx6ull-sdk/ToolChain/gcc-linaro-6.2.1-2016.11-x86_64_arm-linux-gnueabihf/bin/../lib/gcc -L/home/book/100ask_imx6ull-sdk/ToolChain/gcc-linaro-6.2.1-2016.11-x86_64_arm-linux-gnueabihf/bin/../lib/gcc/arm-linux-gnueabihf/6.2.1/../../../../arm-linux-gnueabihf/lib -L/home/book/100ask_imx6ull-sdk/ToolChain/gcc-linaro-6.2.1-2016.11-x86_64_arm-linux-gnueabihf/bin/../arm-linux-gnueabihf/libc/lib -L/home/book/100ask_imx6ull-sdk/ToolChain/gcc-linaro-6.2.1-2016.11-x86_64_arm-linux-gnueabihf/bin/../arm-linux-gnueabihf/libc/usr/lib CMakeFiles/cmTC_ff71d.dir/CMakeCCompilerABI.c.o -lgcc --as-needed -lgcc_s --no-as-needed -lc -lgcc --as-needed -lgcc_s --no-as-needed /home/book/100ask_imx6ull-sdk/ToolChain/gcc-linaro-6.2.1-2016.11-x86_64_arm-linux-gnueabihf/bin/../lib/gcc/arm-linux-gnueabihf/6.2.1/crtend.o /home/book/100ask_imx6ull-sdk/ToolChain/gcc-linaro-6.2.1-2016.11-x86_64_arm-linux-gnueabihf/bin/../arm-linux-gnueabihf/libc/usr/lib/crtn.o]
    arg [/home/book/100ask_imx6ull-sdk/ToolChain/gcc-linaro-6.2.1-2016.11-x86_64_arm-linux-gnueabihf/bin/../libexec/gcc/arm-linux-gnueabihf/6.2.1/collect2] ==> ignore
    arg [-plugin] ==> ignore
    arg [/home/book/100ask_imx6ull-sdk/ToolChain/gcc-linaro-6.2.1-2016.11-x86_64_arm-linux-gnueabihf/bin/../libexec/gcc/arm-linux-gnueabihf/6.2.1/liblto_plugin.so] ==> ignore
    arg [-plugin-opt=/home/book/100ask_imx6ull-sdk/ToolChain/gcc-linaro-6.2.1-2016.11-x86_64_arm-linux-gnueabihf/bin/../libexec/gcc/arm-linux-gnueabihf/6.2.1/lto-wrapper] ==> ignore
    arg [-plugin-opt=-fresolution=/tmp/cc2Z7uhH.res] ==> ignore
    arg [-plugin-opt=-pass-through=-lgcc] ==> ignore
    arg [-plugin-opt=-pass-through=-lgcc_s] ==> ignore
    arg [-plugin-opt=-pass-through=-lc] ==> ignore
    arg [-plugin-opt=-pass-through=-lgcc] ==> ignore
    arg [-plugin-opt=-pass-through=-lgcc_s] ==> ignore
    arg [--sysroot=/home/book/100ask_imx6ull-sdk/ToolChain/gcc-linaro-6.2.1-2016.11-x86_64_arm-linux-gnueabihf/bin/../arm-linux-gnueabihf/libc] ==> ignore
    arg [--build-id] ==> ignore
    arg [--eh-frame-hdr] ==> ignore
    arg [-dynamic-linker] ==> ignore
    arg [/lib/ld-linux-armhf.so.3] ==> ignore
    arg [-X] ==> ignore
    arg [-m] ==> ignore
    arg [armelf_linux_eabi] ==> ignore
    arg [-o] ==> ignore
    arg [cmTC_ff71d] ==> ignore
    arg [/home/book/100ask_imx6ull-sdk/ToolChain/gcc-linaro-6.2.1-2016.11-x86_64_arm-linux-gnueabihf/bin/../arm-linux-gnueabihf/libc/usr/lib/crt1.o] ==> obj [/home/book/100ask_imx6ull-sdk/ToolChain/gcc-linaro-6.2.1-2016.11-x86_64_arm-linux-gnueabihf/bin/../arm-linux-gnueabihf/libc/usr/lib/crt1.o]
    arg [/home/book/100ask_imx6ull-sdk/ToolChain/gcc-linaro-6.2.1-2016.11-x86_64_arm-linux-gnueabihf/bin/../arm-linux-gnueabihf/libc/usr/lib/crti.o] ==> obj [/home/book/100ask_imx6ull-sdk/ToolChain/gcc-linaro-6.2.1-2016.11-x86_64_arm-linux-gnueabihf/bin/../arm-linux-gnueabihf/libc/usr/lib/crti.o]
    arg [/home/book/100ask_imx6ull-sdk/ToolChain/gcc-linaro-6.2.1-2016.11-x86_64_arm-linux-gnueabihf/bin/../lib/gcc/arm-linux-gnueabihf/6.2.1/crtbegin.o] ==> obj [/home/book/100ask_imx6ull-sdk/ToolChain/gcc-linaro-6.2.1-2016.11-x86_64_arm-linux-gnueabihf/bin/../lib/gcc/arm-linux-gnueabihf/6.2.1/crtbegin.o]
    arg [-L/home/book/100ask_imx6ull-sdk/ToolChain/gcc-linaro-6.2.1-2016.11-x86_64_arm-linux-gnueabihf/bin/../lib/gcc/arm-linux-gnueabihf/6.2.1] ==> dir [/home/book/100ask_imx6ull-sdk/ToolChain/gcc-linaro-6.2.1-2016.11-x86_64_arm-linux-gnueabihf/bin/../lib/gcc/arm-linux-gnueabihf/6.2.1]
    arg [-L/home/book/100ask_imx6ull-sdk/ToolChain/gcc-linaro-6.2.1-2016.11-x86_64_arm-linux-gnueabihf/bin/../lib/gcc/arm-linux-gnueabihf] ==> dir [/home/book/100ask_imx6ull-sdk/ToolChain/gcc-linaro-6.2.1-2016.11-x86_64_arm-linux-gnueabihf/bin/../lib/gcc/arm-linux-gnueabihf]
    arg [-L/home/book/100ask_imx6ull-sdk/ToolChain/gcc-linaro-6.2.1-2016.11-x86_64_arm-linux-gnueabihf/bin/../lib/gcc] ==> dir [/home/book/100ask_imx6ull-sdk/ToolChain/gcc-linaro-6.2.1-2016.11-x86_64_arm-linux-gnueabihf/bin/../lib/gcc]
    arg [-L/home/book/100ask_imx6ull-sdk/ToolChain/gcc-linaro-6.2.1-2016.11-x86_64_arm-linux-gnueabihf/bin/../lib/gcc/arm-linux-gnueabihf/6.2.1/../../../../arm-linux-gnueabihf/lib] ==> dir [/home/book/100ask_imx6ull-sdk/ToolChain/gcc-linaro-6.2.1-2016.11-x86_64_arm-linux-gnueabihf/bin/../lib/gcc/arm-linux-gnueabihf/6.2.1/../../../../arm-linux-gnueabihf/lib]
    arg [-L/home/book/100ask_imx6ull-sdk/ToolChain/gcc-linaro-6.2.1-2016.11-x86_64_arm-linux-gnueabihf/bin/../arm-linux-gnueabihf/libc/lib] ==> dir [/home/book/100ask_imx6ull-sdk/ToolChain/gcc-linaro-6.2.1-2016.11-x86_64_arm-linux-gnueabihf/bin/../arm-linux-gnueabihf/libc/lib]
    arg [-L/home/book/100ask_imx6ull-sdk/ToolChain/gcc-linaro-6.2.1-2016.11-x86_64_arm-linux-gnueabihf/bin/../arm-linux-gnueabihf/libc/usr/lib] ==> dir [/home/book/100ask_imx6ull-sdk/ToolChain/gcc-linaro-6.2.1-2016.11-x86_64_arm-linux-gnueabihf/bin/../arm-linux-gnueabihf/libc/usr/lib]
    arg [CMakeFiles/cmTC_ff71d.dir/CMakeCCompilerABI.c.o] ==> ignore
    arg [-lgcc] ==> lib [gcc]
    arg [--as-needed] ==> ignore
    arg [-lgcc_s] ==> lib [gcc_s]
    arg [--no-as-needed] ==> ignore
    arg [-lc] ==> lib [c]
    arg [-lgcc] ==> lib [gcc]
    arg [--as-needed] ==> ignore
    arg [-lgcc_s] ==> lib [gcc_s]
    arg [--no-as-needed] ==> ignore
    arg [/home/book/100ask_imx6ull-sdk/ToolChain/gcc-linaro-6.2.1-2016.11-x86_64_arm-linux-gnueabihf/bin/../lib/gcc/arm-linux-gnueabihf/6.2.1/crtend.o] ==> obj [/home/book/100ask_imx6ull-sdk/ToolChain/gcc-linaro-6.2.1-2016.11-x86_64_arm-linux-gnueabihf/bin/../lib/gcc/arm-linux-gnueabihf/6.2.1/crtend.o]
    arg [/home/book/100ask_imx6ull-sdk/ToolChain/gcc-linaro-6.2.1-2016.11-x86_64_arm-linux-gnueabihf/bin/../arm-linux-gnueabihf/libc/usr/lib/crtn.o] ==> obj [/home/book/100ask_imx6ull-sdk/ToolChain/gcc-linaro-6.2.1-2016.11-x86_64_arm-linux-gnueabihf/bin/../arm-linux-gnueabihf/libc/usr/lib/crtn.o]
  collapse obj [/home/book/100ask_imx6ull-sdk/ToolChain/gcc-linaro-6.2.1-2016.11-x86_64_arm-linux-gnueabihf/bin/../arm-linux-gnueabihf/libc/usr/lib/crt1.o] ==> [/home/book/100ask_imx6ull-sdk/ToolChain/gcc-linaro-6.2.1-2016.11-x86_64_arm-linux-gnueabihf/arm-linux-gnueabihf/libc/usr/lib/crt1.o]
  collapse obj [/home/book/100ask_imx6ull-sdk/ToolChain/gcc-linaro-6.2.1-2016.11-x86_64_arm-linux-gnueabihf/bin/../arm-linux-gnueabihf/libc/usr/lib/crti.o] ==> [/home/book/100ask_imx6ull-sdk/ToolChain/gcc-linaro-6.2.1-2016.11-x86_64_arm-linux-gnueabihf/arm-linux-gnueabihf/libc/usr/lib/crti.o]
  collapse obj [/home/book/100ask_imx6ull-sdk/ToolChain/gcc-linaro-6.2.1-2016.11-x86_64_arm-linux-gnueabihf/bin/../lib/gcc/arm-linux-gnueabihf/6.2.1/crtbegin.o] ==> [/home/book/100ask_imx6ull-sdk/ToolChain/gcc-linaro-6.2.1-2016.11-x86_64_arm-linux-gnueabihf/lib/gcc/arm-linux-gnueabihf/6.2.1/crtbegin.o]
  collapse obj [/home/book/100ask_imx6ull-sdk/ToolChain/gcc-linaro-6.2.1-2016.11-x86_64_arm-linux-gnueabihf/bin/../lib/gcc/arm-linux-gnueabihf/6.2.1/crtend.o] ==> [/home/book/100ask_imx6ull-sdk/ToolChain/gcc-linaro-6.2.1-2016.11-x86_64_arm-linux-gnueabihf/lib/gcc/arm-linux-gnueabihf/6.2.1/crtend.o]
  collapse obj [/home/book/100ask_imx6ull-sdk/ToolChain/gcc-linaro-6.2.1-2016.11-x86_64_arm-linux-gnueabihf/bin/../arm-linux-gnueabihf/libc/usr/lib/crtn.o] ==> [/home/book/100ask_imx6ull-sdk/ToolChain/gcc-linaro-6.2.1-2016.11-x86_64_arm-linux-gnueabihf/arm-linux-gnueabihf/libc/usr/lib/crtn.o]
  collapse library dir [/home/book/100ask_imx6ull-sdk/ToolChain/gcc-linaro-6.2.1-2016.11-x86_64_arm-linux-gnueabihf/bin/../lib/gcc/arm-linux-gnueabihf/6.2.1] ==> [/home/book/100ask_imx6ull-sdk/ToolChain/gcc-linaro-6.2.1-2016.11-x86_64_arm-linux-gnueabihf/lib/gcc/arm-linux-gnueabihf/6.2.1]
  collapse library dir [/home/book/100ask_imx6ull-sdk/ToolChain/gcc-linaro-6.2.1-2016.11-x86_64_arm-linux-gnueabihf/bin/../lib/gcc/arm-linux-gnueabihf] ==> [/home/book/100ask_imx6ull-sdk/ToolChain/gcc-linaro-6.2.1-2016.11-x86_64_arm-linux-gnueabihf/lib/gcc/arm-linux-gnueabihf]
  collapse library dir [/home/book/100ask_imx6ull-sdk/ToolChain/gcc-linaro-6.2.1-2016.11-x86_64_arm-linux-gnueabihf/bin/../lib/gcc] ==> [/home/book/100ask_imx6ull-sdk/ToolChain/gcc-linaro-6.2.1-2016.11-x86_64_arm-linux-gnueabihf/lib/gcc]
  collapse library dir [/home/book/100ask_imx6ull-sdk/ToolChain/gcc-linaro-6.2.1-2016.11-x86_64_arm-linux-gnueabihf/bin/../lib/gcc/arm-linux-gnueabihf/6.2.1/../../../../arm-linux-gnueabihf/lib] ==> [/home/book/100ask_imx6ull-sdk/ToolChain/gcc-linaro-6.2.1-2016.11-x86_64_arm-linux-gnueabihf/arm-linux-gnueabihf/lib]
  collapse library dir [/home/book/100ask_imx6ull-sdk/ToolChain/gcc-linaro-6.2.1-2016.11-x86_64_arm-linux-gnueabihf/bin/../arm-linux-gnueabihf/libc/lib] ==> [/home/book/100ask_imx6ull-sdk/ToolChain/gcc-linaro-6.2.1-2016.11-x86_64_arm-linux-gnueabihf/arm-linux-gnueabihf/libc/lib]
  collapse library dir [/home/book/100ask_imx6ull-sdk/ToolChain/gcc-linaro-6.2.1-2016.11-x86_64_arm-linux-gnueabihf/bin/../arm-linux-gnueabihf/libc/usr/lib] ==> [/home/book/100ask_imx6ull-sdk/ToolChain/gcc-linaro-6.2.1-2016.11-x86_64_arm-linux-gnueabihf/arm-linux-gnueabihf/libc/usr/lib]
  implicit libs: [gcc;gcc_s;c;gcc;gcc_s]
  implicit objs: [/home/book/100ask_imx6ull-sdk/ToolChain/gcc-linaro-6.2.1-2016.11-x86_64_arm-linux-gnueabihf/arm-linux-gnueabihf/libc/usr/lib/crt1.o;/home/book/100ask_imx6ull-sdk/ToolChain/gcc-linaro-6.2.1-2016.11-x86_64_arm-linux-gnueabihf/arm-linux-gnueabihf/libc/usr/lib/crti.o;/home/book/100ask_imx6ull-sdk/ToolChain/gcc-linaro-6.2.1-2016.11-x86_64_arm-linux-gnueabihf/lib/gcc/arm-linux-gnueabihf/6.2.1/crtbegin.o;/home/book/100ask_imx6ull-sdk/ToolChain/gcc-linaro-6.2.1-2016.11-x86_64_arm-linux-gnueabihf/lib/gcc/arm-linux-gnueabihf/6.2.1/crtend.o;/home/book/100ask_imx6ull-sdk/ToolChain/gcc-linaro-6.2.1-2016.11-x86_64_arm-linux-gnueabihf/arm-linux-gnueabihf/libc/usr/lib/crtn.o]
  implicit dirs: [/home/book/100ask_imx6ull-sdk/ToolChain/gcc-linaro-6.2.1-2016.11-x86_64_arm-linux-gnueabihf/lib/gcc/arm-linux-gnueabihf/6.2.1;/home/book/100ask_imx6ull-sdk/ToolChain/gcc-linaro-6.2.1-2016.11-x86_64_arm-linux-gnueabihf/lib/gcc/arm-linux-gnueabihf;/home/book/100ask_imx6ull-sdk/ToolChain/gcc-linaro-6.2.1-2016.11-x86_64_arm-linux-gnueabihf/lib/gcc;/home/book/100ask_imx6ull-sdk/ToolChain/gcc-linaro-6.2.1-2016.11-x86_64_arm-linux-gnueabihf/arm-linux-gnueabihf/lib;/home/book/100ask_imx6ull-sdk/ToolChain/gcc-linaro-6.2.1-2016.11-x86_64_arm-linux-gnueabihf/arm-linux-gnueabihf/libc/lib;/home/book/100ask_imx6ull-sdk/ToolChain/gcc-linaro-6.2.1-2016.11-x86_64_arm-linux-gnueabihf/arm-linux-gnueabihf/libc/usr/lib]
  implicit fwks: []


